Tue Nov 24 19:28:21 UTC 2020Fatal Error Detected: [8] Trying to get property 'email' of non-object line: 218
Tue Nov 24 20:06:43 UTC 2020Fatal Error Detected: [8] Undefined offset: 3 line: 28
Tue Nov 24 20:06:51 UTC 2020Fatal Error Detected: [8] Undefined offset: 3 line: 28
Tue Nov 24 20:06:51 UTC 2020Fatal Error Detected: [8] Array to string conversion line: 73
Tue Nov 24 20:06:51 UTC 2020Array
Tue Nov 24 20:08:00 UTC 2020Fatal Error Detected: [8] Array to string conversion line: 73
Tue Nov 24 20:08:00 UTC 2020Array
Tue Nov 24 20:08:18 UTC 2020Fatal Error Detected: [8] Array to string conversion line: 73
Tue Nov 24 20:08:18 UTC 2020Array
Fri Nov 27 9:24:56 UTC 2020Fatal Error Detected: [8] Array to string conversion line: 73
Fri Nov 27 9:24:56 UTC 2020Array
Fri Nov 27 9:25:24 UTC 2020Fatal Error Detected: [8] Array to string conversion line: 73
Fri Nov 27 9:25:24 UTC 2020Array
Fri Nov 27 9:26:50 UTC 2020Fatal Error Detected: [8] Array to string conversion line: 73
Fri Nov 27 9:26:50 UTC 2020Array
Fri Nov 27 9:28:32 UTC 2020Fatal Error Detected: [8] Array to string conversion line: 73
Fri Nov 27 9:28:32 UTC 2020Array
Fri Nov 27 9:28:33 UTC 2020Fatal Error Detected: [8] Array to string conversion line: 73
Fri Nov 27 9:28:33 UTC 2020Array
Fri Nov 27 9:28:35 UTC 2020Fatal Error Detected: [8] Array to string conversion line: 73
Fri Nov 27 9:28:35 UTC 2020Array
